# JRE version: OpenJDK Runtime Environment (8.0_152-b02) (build 1.8.0_152-release-1024-b02)
# Java VM: OpenJDK 64-Bit Server VM (25.152-b02 mixed mode windows-amd64 compressed oops)
Heap:
 PSYoungGen      total 199680K, used 48297K [0x00000000e0000000, 0x00000000f1b00000, 0x0000000100000000)
  eden space 187392K, 25% used [0x00000000e0000000,0x00000000e2f2a7b0,0x00000000eb700000)
  from space 12288K, 0% used [0x00000000eb700000,0x00000000eb700000,0x00000000ec300000)
  to   space 11776K, 0% used [0x00000000f0f80000,0x00000000f0f80000,0x00000000f1b00000)
 ParOldGen       total 103936K, used 33974K [0x00000000a0000000, 0x00000000a6580000, 0x00000000e0000000)
  object space 103936K, 32% used [0x00000000a0000000,0x00000000a212d940,0x00000000a6580000)
 Metaspace       used 58373K, capacity 60176K, committed 60288K, reserved 1101824K
  class space    used 7803K, capacity 8217K, committed 8320K, reserved 1048576K
GC Heap History (10 events):
Event: 45.018 GC heap before
{Heap before GC invocations=12 (full 2):
 PSYoungGen      total 98304K, used 87040K [0x00000000e0000000, 0x00000000e9580000, 0x0000000100000000)
  eden space 87040K, 100% used [0x00000000e0000000,0x00000000e5500000,0x00000000e5500000)
  from space 11264K, 0% used [0x00000000e5500000,0x00000000e5500000,0x00000000e6000000)
  to   space 11264K, 0% used [0x00000000e8a80000,0x00000000e8a80000,0x00000000e9580000)
 ParOldGen       total 68096K, used 14266K [0x00000000a0000000, 0x00000000a4280000, 0x00000000e0000000)
  object space 68096K, 20% used [0x00000000a0000000,0x00000000a0deebf8,0x00000000a4280000)
 Metaspace       used 40016K, capacity 40776K, committed 41088K, reserved 1085440K
  class space    used 5435K, capacity 5690K, committed 5760K, reserved 1048576K
Event: 45.048 GC heap after
Heap after GC invocations=12 (full 2):
 PSYoungGen      total 140800K, used 9431K [0x00000000e0000000, 0x00000000e9580000, 0x0000000100000000)
  eden space 129536K, 0% used [0x00000000e0000000,0x00000000e0000000,0x00000000e7e80000)
  from space 11264K, 83% used [0x00000000e8a80000,0x00000000e93b5ce8,0x00000000e9580000)
  to   space 11776K, 0% used [0x00000000e7e80000,0x00000000e7e80000,0x00000000e8a00000)
 ParOldGen       total 68096K, used 14274K [0x00000000a0000000, 0x00000000a4280000, 0x00000000e0000000)
  object space 68096K, 20% used [0x00000000a0000000,0x00000000a0df0bf8,0x00000000a4280000)
 Metaspace       used 40016K, capacity 40776K, committed 41088K, reserved 1085440K
  class space    used 5435K, capacity 5690K, committed 5760K, reserved 1048576K
}
Event: 49.592 GC heap before
{Heap before GC invocations=13 (full 2):
 PSYoungGen      total 140800K, used 138967K [0x00000000e0000000, 0x00000000e9580000, 0x0000000100000000)
  eden space 129536K, 100% used [0x00000000e0000000,0x00000000e7e80000,0x00000000e7e80000)
  from space 11264K, 83% used [0x00000000e8a80000,0x00000000e93b5ce8,0x00000000e9580000)
  to   space 11776K, 0% used [0x00000000e7e80000,0x00000000e7e80000,0x00000000e8a00000)
 ParOldGen       total 68096K, used 14274K [0x00000000a0000000, 0x00000000a4280000, 0x00000000e0000000)
  object space 68096K, 20% used [0x00000000a0000000,0x00000000a0df0bf8,0x00000000a4280000)
 Metaspace       used 46444K, capacity 47374K, committed 47616K, reserved 1089536K
  class space    used 6297K, capacity 6608K, committed 6656K, reserved 1048576K
Event: 49.614 GC heap after
Heap after GC invocations=13 (full 2):
 PSYoungGen      total 141312K, used 7342K [0x00000000e0000000, 0x00000000ecf00000, 0x0000000100000000)
  eden space 129536K, 0% used [0x00000000e0000000,0x00000000e0000000,0x00000000e7e80000)
  from space 11776K, 62% used [0x00000000e7e80000,0x00000000e85ab900,0x00000000e8a00000)
  to   space 11264K, 0% used [0x00000000ec400000,0x00000000ec400000,0x00000000ecf00000)
 ParOldGen       total 68096K, used 20267K [0x00000000a0000000, 0x00000000a4280000, 0x00000000e0000000)
  object space 68096K, 29% used [0x00000000a0000000,0x00000000a13cad40,0x00000000a4280000)
 Metaspace       used 46444K, capacity 47374K, committed 47616K, reserved 1089536K
  class space    used 6297K, capacity 6608K, committed 6656K, reserved 1048576K
}
Event: 55.065 GC heap before
{Heap before GC invocations=14 (full 2):
 PSYoungGen      total 141312K, used 136878K [0x00000000e0000000, 0x00000000ecf00000, 0x0000000100000000)
  eden space 129536K, 100% used [0x00000000e0000000,0x00000000e7e80000,0x00000000e7e80000)
  from space 11776K, 62% used [0x00000000e7e80000,0x00000000e85ab900,0x00000000e8a00000)
  to   space 11264K, 0% used [0x00000000ec400000,0x00000000ec400000,0x00000000ecf00000)
 ParOldGen       total 68096K, used 20267K [0x00000000a0000000, 0x00000000a4280000, 0x00000000e0000000)
  object space 68096K, 29% used [0x00000000a0000000,0x00000000a13cad40,0x00000000a4280000)
 Metaspace       used 53620K, capacity 55330K, committed 55424K, reserved 1097728K
  class space    used 7343K, capacity 7768K, committed 7808K, reserved 1048576K
Event: 55.112 GC heap after
Heap after GC invocations=14 (full 2):
 PSYoungGen      total 198656K, used 10094K [0x00000000e0000000, 0x00000000ecf00000, 0x0000000100000000)
  eden space 187392K, 0% used [0x00000000e0000000,0x00000000e0000000,0x00000000eb700000)
  from space 11264K, 89% used [0x00000000ec400000,0x00000000ecddbaa0,0x00000000ecf00000)
  to   space 12288K, 0% used [0x00000000eb700000,0x00000000eb700000,0x00000000ec300000)
 ParOldGen       total 68096K, used 23351K [0x00000000a0000000, 0x00000000a4280000, 0x00000000e0000000)
  object space 68096K, 34% used [0x00000000a0000000,0x00000000a16cdc90,0x00000000a4280000)
 Metaspace       used 53620K, capacity 55330K, committed 55424K, reserved 1097728K
  class space    used 7343K, capacity 7768K, committed 7808K, reserved 1048576K
}
Event: 60.780 GC heap before
{Heap before GC invocations=15 (full 2):
 PSYoungGen      total 198656K, used 92674K [0x00000000e0000000, 0x00000000ecf00000, 0x0000000100000000)
  eden space 187392K, 44% used [0x00000000e0000000,0x00000000e50a4fb8,0x00000000eb700000)
  from space 11264K, 89% used [0x00000000ec400000,0x00000000ecddbaa0,0x00000000ecf00000)
  to   space 12288K, 0% used [0x00000000eb700000,0x00000000eb700000,0x00000000ec300000)
 ParOldGen       total 68096K, used 23351K [0x00000000a0000000, 0x00000000a4280000, 0x00000000e0000000)
  object space 68096K, 34% used [0x00000000a0000000,0x00000000a16cdc90,0x00000000a4280000)
 Metaspace       used 57217K, capacity 58958K, committed 59028K, reserved 1099776K
  class space    used 7738K, capacity 8158K, committed 8192K, reserved 1048576K
Event: 60.807 GC heap after
Heap after GC invocations=15 (full 2):
 PSYoungGen      total 199680K, used 7461K [0x00000000e0000000, 0x00000000f1b00000, 0x0000000100000000)
  eden space 187392K, 0% used [0x00000000e0000000,0x00000000e0000000,0x00000000eb700000)
  from space 12288K, 60% used [0x00000000eb700000,0x00000000ebe496f0,0x00000000ec300000)
  to   space 11776K, 0% used [0x00000000f0f80000,0x00000000f0f80000,0x00000000f1b00000)
 ParOldGen       total 68096K, used 28581K [0x00000000a0000000, 0x00000000a4280000, 0x00000000e0000000)
  object space 68096K, 41% used [0x00000000a0000000,0x00000000a1be9748,0x00000000a4280000)
 Metaspace       used 57217K, capacity 58958K, committed 59028K, reserved 1099776K
  class space    used 7738K, capacity 8158K, committed 8192K, reserved 1048576K
}
Event: 60.807 GC heap before
{Heap before GC invocations=16 (full 3):
 PSYoungGen      total 199680K, used 7461K [0x00000000e0000000, 0x00000000f1b00000, 0x0000000100000000)
  eden space 187392K, 0% used [0x00000000e0000000,0x00000000e0000000,0x00000000eb700000)
  from space 12288K, 60% used [0x00000000eb700000,0x00000000ebe496f0,0x00000000ec300000)
  to   space 11776K, 0% used [0x00000000f0f80000,0x00000000f0f80000,0x00000000f1b00000)
 ParOldGen       total 68096K, used 28581K [0x00000000a0000000, 0x00000000a4280000, 0x00000000e0000000)
  object space 68096K, 41% used [0x00000000a0000000,0x00000000a1be9748,0x00000000a4280000)
 Metaspace       used 57217K, capacity 58958K, committed 59028K, reserved 1099776K
  class space    used 7738K, capacity 8158K, committed 8192K, reserved 1048576K
Event: 61.222 GC heap after
Heap after GC invocations=16 (full 3):
 PSYoungGen      total 199680K, used 0K [0x00000000e0000000, 0x00000000f1b00000, 0x0000000100000000)
  eden space 187392K, 0% used [0x00000000e0000000,0x00000000e0000000,0x00000000eb700000)
  from space 12288K, 0% used [0x00000000eb700000,0x00000000eb700000,0x00000000ec300000)
  to   space 11776K, 0% used [0x00000000f0f80000,0x00000000f0f80000,0x00000000f1b00000)
 ParOldGen       total 103936K, used 33974K [0x00000000a0000000, 0x00000000a6580000, 0x00000000e0000000)
  object space 103936K, 32% used [0x00000000a0000000,0x00000000a212d940,0x00000000a6580000)
 Metaspace       used 57217K, capacity 58958K, committed 59028K, reserved 1099776K
  class space    used 7738K, capacity 8158K, committed 8192K, reserved 1048576K
}

