# JRE version: OpenJDK Runtime Environment (8.0_152-b02) (build 1.8.0_152-release-1024-b02)
# Java VM: OpenJDK 64-Bit Server VM (25.152-b02 mixed mode windows-amd64 compressed oops)
Heap:
 PSYoungGen      total 179712K, used 99264K [0x00000000e0000000, 0x00000000eec80000, 0x0000000100000000)
  eden space 165888K, 51% used [0x00000000e0000000,0x00000000e539f3b8,0x00000000ea200000)
  from space 13824K, 98% used [0x00000000edf00000,0x00000000eec50e30,0x00000000eec80000)
  to   space 22528K, 0% used [0x00000000ec080000,0x00000000ec080000,0x00000000ed680000)
 ParOldGen       total 139264K, used 36344K [0x00000000a0000000, 0x00000000a8800000, 0x00000000e0000000)
  object space 139264K, 26% used [0x00000000a0000000,0x00000000a237e1d8,0x00000000a8800000)
 Metaspace       used 80243K, capacity 84308K, committed 84568K, reserved 1122304K
  class space    used 10290K, capacity 11037K, committed 11136K, reserved 1048576K
GC Heap History (10 events):
Event: 26.945 GC heap before
{Heap before GC invocations=13 (full 3):
 PSYoungGen      total 198656K, used 16374K [0x00000000e0000000, 0x00000000edb80000, 0x0000000100000000)
  eden space 182272K, 0% used [0x00000000e0000000,0x00000000e0000000,0x00000000eb200000)
  from space 16384K, 99% used [0x00000000ec680000,0x00000000ed67da10,0x00000000ed680000)
  to   space 20992K, 0% used [0x00000000eb200000,0x00000000eb200000,0x00000000ec680000)
 ParOldGen       total 95744K, used 28115K [0x00000000a0000000, 0x00000000a5d80000, 0x00000000e0000000)
  object space 95744K, 29% used [0x00000000a0000000,0x00000000a1b74cc0,0x00000000a5d80000)
 Metaspace       used 57221K, capacity 58922K, committed 59028K, reserved 1099776K
  class space    used 7725K, capacity 8126K, committed 8192K, reserved 1048576K
Event: 27.176 GC heap after
Heap after GC invocations=13 (full 3):
 PSYoungGen      total 198656K, used 0K [0x00000000e0000000, 0x00000000edb80000, 0x0000000100000000)
  eden space 182272K, 0% used [0x00000000e0000000,0x00000000e0000000,0x00000000eb200000)
  from space 16384K, 0% used [0x00000000ec680000,0x00000000ec680000,0x00000000ed680000)
  to   space 20992K, 0% used [0x00000000eb200000,0x00000000eb200000,0x00000000ec680000)
 ParOldGen       total 139264K, used 36040K [0x00000000a0000000, 0x00000000a8800000, 0x00000000e0000000)
  object space 139264K, 25% used [0x00000000a0000000,0x00000000a23321c0,0x00000000a8800000)
 Metaspace       used 57221K, capacity 58922K, committed 59028K, reserved 1099776K
  class space    used 7725K, capacity 8126K, committed 8192K, reserved 1048576K
}
Event: 1851.567 GC heap before
{Heap before GC invocations=14 (full 3):
 PSYoungGen      total 198656K, used 182272K [0x00000000e0000000, 0x00000000edb80000, 0x0000000100000000)
  eden space 182272K, 100% used [0x00000000e0000000,0x00000000eb200000,0x00000000eb200000)
  from space 16384K, 0% used [0x00000000ec680000,0x00000000ec680000,0x00000000ed680000)
  to   space 20992K, 0% used [0x00000000eb200000,0x00000000eb200000,0x00000000ec680000)
 ParOldGen       total 139264K, used 36040K [0x00000000a0000000, 0x00000000a8800000, 0x00000000e0000000)
  object space 139264K, 25% used [0x00000000a0000000,0x00000000a23321c0,0x00000000a8800000)
 Metaspace       used 67514K, capacity 69642K, committed 69720K, reserved 1110016K
  class space    used 8818K, capacity 9315K, committed 9344K, reserved 1048576K
Event: 1851.592 GC heap after
Heap after GC invocations=14 (full 3):
 PSYoungGen      total 203264K, used 14487K [0x00000000e0000000, 0x00000000f0200000, 0x0000000100000000)
  eden space 182272K, 0% used [0x00000000e0000000,0x00000000e0000000,0x00000000eb200000)
  from space 20992K, 69% used [0x00000000eb200000,0x00000000ec025d50,0x00000000ec680000)
  to   space 21504K, 0% used [0x00000000eed00000,0x00000000eed00000,0x00000000f0200000)
 ParOldGen       total 139264K, used 36048K [0x00000000a0000000, 0x00000000a8800000, 0x00000000e0000000)
  object space 139264K, 25% used [0x00000000a0000000,0x00000000a23341c0,0x00000000a8800000)
 Metaspace       used 67514K, capacity 69642K, committed 69720K, reserved 1110016K
  class space    used 8818K, capacity 9315K, committed 9344K, reserved 1048576K
}
Event: 4781.294 GC heap before
{Heap before GC invocations=15 (full 3):
 PSYoungGen      total 203264K, used 196759K [0x00000000e0000000, 0x00000000f0200000, 0x0000000100000000)
  eden space 182272K, 100% used [0x00000000e0000000,0x00000000eb200000,0x00000000eb200000)
  from space 20992K, 69% used [0x00000000eb200000,0x00000000ec025d50,0x00000000ec680000)
  to   space 21504K, 0% used [0x00000000eed00000,0x00000000eed00000,0x00000000f0200000)
 ParOldGen       total 139264K, used 36048K [0x00000000a0000000, 0x00000000a8800000, 0x00000000e0000000)
  object space 139264K, 25% used [0x00000000a0000000,0x00000000a23341c0,0x00000000a8800000)
 Metaspace       used 77531K, capacity 80552K, committed 80600K, reserved 1120256K
  class space    used 10114K, capacity 10742K, committed 10752K, reserved 1048576K
Event: 4781.444 GC heap after
Heap after GC invocations=15 (full 3):
 PSYoungGen      total 194048K, used 17094K [0x00000000e0000000, 0x00000000efe00000, 0x0000000100000000)
  eden space 176640K, 0% used [0x00000000e0000000,0x00000000e0000000,0x00000000eac80000)
  from space 17408K, 98% used [0x00000000eed00000,0x00000000efdb19c8,0x00000000efe00000)
  to   space 23040K, 0% used [0x00000000ed100000,0x00000000ed100000,0x00000000ee780000)
 ParOldGen       total 139264K, used 36328K [0x00000000a0000000, 0x00000000a8800000, 0x00000000e0000000)
  object space 139264K, 26% used [0x00000000a0000000,0x00000000a237a1d8,0x00000000a8800000)
 Metaspace       used 77531K, capacity 80552K, committed 80600K, reserved 1120256K
  class space    used 10114K, capacity 10742K, committed 10752K, reserved 1048576K
}
Event: 4833.157 GC heap before
{Heap before GC invocations=16 (full 3):
 PSYoungGen      total 194048K, used 193734K [0x00000000e0000000, 0x00000000efe00000, 0x0000000100000000)
  eden space 176640K, 100% used [0x00000000e0000000,0x00000000eac80000,0x00000000eac80000)
  from space 17408K, 98% used [0x00000000eed00000,0x00000000efdb19c8,0x00000000efe00000)
  to   space 23040K, 0% used [0x00000000ed100000,0x00000000ed100000,0x00000000ee780000)
 ParOldGen       total 139264K, used 36328K [0x00000000a0000000, 0x00000000a8800000, 0x00000000e0000000)
  object space 139264K, 26% used [0x00000000a0000000,0x00000000a237a1d8,0x00000000a8800000)
 Metaspace       used 78750K, capacity 82118K, committed 82264K, reserved 1120256K
  class space    used 10165K, capacity 10830K, committed 10880K, reserved 1048576K
Event: 4833.190 GC heap after
Heap after GC invocations=16 (full 3):
 PSYoungGen      total 185344K, used 13844K [0x00000000e0000000, 0x00000000eed80000, 0x0000000100000000)
  eden space 171008K, 0% used [0x00000000e0000000,0x00000000e0000000,0x00000000ea700000)
  from space 14336K, 96% used [0x00000000ed100000,0x00000000ede85368,0x00000000edf00000)
  to   space 14848K, 0% used [0x00000000edf00000,0x00000000edf00000,0x00000000eed80000)
 ParOldGen       total 139264K, used 36336K [0x00000000a0000000, 0x00000000a8800000, 0x00000000e0000000)
  object space 139264K, 26% used [0x00000000a0000000,0x00000000a237c1d8,0x00000000a8800000)
 Metaspace       used 78750K, capacity 82118K, committed 82264K, reserved 1120256K
  class space    used 10165K, capacity 10830K, committed 10880K, reserved 1048576K
}
Event: 5047.304 GC heap before
{Heap before GC invocations=17 (full 3):
 PSYoungGen      total 185344K, used 184852K [0x00000000e0000000, 0x00000000eed80000, 0x0000000100000000)
  eden space 171008K, 100% used [0x00000000e0000000,0x00000000ea700000,0x00000000ea700000)
  from space 14336K, 96% used [0x00000000ed100000,0x00000000ede85368,0x00000000edf00000)
  to   space 14848K, 0% used [0x00000000edf00000,0x00000000edf00000,0x00000000eed80000)
 ParOldGen       total 139264K, used 36336K [0x00000000a0000000, 0x00000000a8800000, 0x00000000e0000000)
  object space 139264K, 26% used [0x00000000a0000000,0x00000000a237c1d8,0x00000000a8800000)
 Metaspace       used 79446K, capacity 82882K, committed 83032K, reserved 1122304K
  class space    used 10174K, capacity 10842K, committed 10880K, reserved 1048576K
Event: 5047.347 GC heap after
Heap after GC invocations=17 (full 3):
 PSYoungGen      total 179712K, used 13635K [0x00000000e0000000, 0x00000000eec80000, 0x0000000100000000)
  eden space 165888K, 0% used [0x00000000e0000000,0x00000000e0000000,0x00000000ea200000)
  from space 13824K, 98% used [0x00000000edf00000,0x00000000eec50e30,0x00000000eec80000)
  to   space 22528K, 0% used [0x00000000ec080000,0x00000000ec080000,0x00000000ed680000)
 ParOldGen       total 139264K, used 36344K [0x00000000a0000000, 0x00000000a8800000, 0x00000000e0000000)
  object space 139264K, 26% used [0x00000000a0000000,0x00000000a237e1d8,0x00000000a8800000)
 Metaspace       used 79446K, capacity 82882K, committed 83032K, reserved 1122304K
  class space    used 10174K, capacity 10842K, committed 10880K, reserved 1048576K
}

