# JRE version: OpenJDK Runtime Environment (8.0_152-b02) (build 1.8.0_152-release-1024-b02)
# Java VM: OpenJDK 64-Bit Server VM (25.152-b02 mixed mode windows-amd64 compressed oops)
Heap:
 PSYoungGen      total 72704K, used 5863K [0x00000000e0000000, 0x00000000e5180000, 0x0000000100000000)
  eden space 61440K, 0% used [0x00000000e0000000,0x00000000e0000000,0x00000000e3c00000)
  from space 11264K, 52% used [0x00000000e4680000,0x00000000e4c39c08,0x00000000e5180000)
  to   space 10752K, 0% used [0x00000000e3c00000,0x00000000e3c00000,0x00000000e4680000)
 ParOldGen       total 99328K, used 16041K [0x00000000a0000000, 0x00000000a6100000, 0x00000000e0000000)
  object space 99328K, 16% used [0x00000000a0000000,0x00000000a0faa528,0x00000000a6100000)
 Metaspace       used 38770K, capacity 39432K, committed 39640K, reserved 1087488K
  class space    used 5283K, capacity 5526K, committed 5632K, reserved 1048576K
GC Heap History (10 events):
Event: 12.523 GC heap after
Heap after GC invocations=10 (full 1):
 PSYoungGen      total 49152K, used 7723K [0x00000000e0000000, 0x00000000e4380000, 0x0000000100000000)
  eden space 39424K, 0% used [0x00000000e0000000,0x00000000e0000000,0x00000000e2680000)
  from space 9728K, 79% used [0x00000000e2680000,0x00000000e2e0ac40,0x00000000e3000000)
  to   space 10240K, 0% used [0x00000000e3980000,0x00000000e3980000,0x00000000e4380000)
 ParOldGen       total 63488K, used 8037K [0x00000000a0000000, 0x00000000a3e00000, 0x00000000e0000000)
  object space 63488K, 12% used [0x00000000a0000000,0x00000000a07d9590,0x00000000a3e00000)
 Metaspace       used 29935K, capacity 30430K, committed 30592K, reserved 1075200K
  class space    used 4192K, capacity 4354K, committed 4480K, reserved 1048576K
}
Event: 13.114 GC heap before
{Heap before GC invocations=11 (full 1):
 PSYoungGen      total 49152K, used 31601K [0x00000000e0000000, 0x00000000e4380000, 0x0000000100000000)
  eden space 39424K, 60% used [0x00000000e0000000,0x00000000e1751ac0,0x00000000e2680000)
  from space 9728K, 79% used [0x00000000e2680000,0x00000000e2e0ac40,0x00000000e3000000)
  to   space 10240K, 0% used [0x00000000e3980000,0x00000000e3980000,0x00000000e4380000)
 ParOldGen       total 63488K, used 8037K [0x00000000a0000000, 0x00000000a3e00000, 0x00000000e0000000)
  object space 63488K, 12% used [0x00000000a0000000,0x00000000a07d9590,0x00000000a3e00000)
 Metaspace       used 34613K, capacity 35182K, committed 35416K, reserved 1079296K
  class space    used 4772K, capacity 4967K, committed 4992K, reserved 1048576K
Event: 13.127 GC heap after
Heap after GC invocations=11 (full 1):
 PSYoungGen      total 58368K, used 9530K [0x00000000e0000000, 0x00000000e4580000, 0x0000000100000000)
  eden space 48128K, 0% used [0x00000000e0000000,0x00000000e0000000,0x00000000e2f00000)
  from space 10240K, 93% used [0x00000000e3980000,0x00000000e42ce9d8,0x00000000e4380000)
  to   space 10752K, 0% used [0x00000000e2f00000,0x00000000e2f00000,0x00000000e3980000)
 ParOldGen       total 63488K, used 8045K [0x00000000a0000000, 0x00000000a3e00000, 0x00000000e0000000)
  object space 63488K, 12% used [0x00000000a0000000,0x00000000a07db590,0x00000000a3e00000)
 Metaspace       used 34613K, capacity 35182K, committed 35416K, reserved 1079296K
  class space    used 4772K, capacity 4967K, committed 4992K, reserved 1048576K
}
Event: 13.127 GC heap before
{Heap before GC invocations=12 (full 2):
 PSYoungGen      total 58368K, used 9530K [0x00000000e0000000, 0x00000000e4580000, 0x0000000100000000)
  eden space 48128K, 0% used [0x00000000e0000000,0x00000000e0000000,0x00000000e2f00000)
  from space 10240K, 93% used [0x00000000e3980000,0x00000000e42ce9d8,0x00000000e4380000)
  to   space 10752K, 0% used [0x00000000e2f00000,0x00000000e2f00000,0x00000000e3980000)
 ParOldGen       total 63488K, used 8045K [0x00000000a0000000, 0x00000000a3e00000, 0x00000000e0000000)
  object space 63488K, 12% used [0x00000000a0000000,0x00000000a07db590,0x00000000a3e00000)
 Metaspace       used 34613K, capacity 35182K, committed 35416K, reserved 1079296K
  class space    used 4772K, capacity 4967K, committed 4992K, reserved 1048576K
Event: 13.220 GC heap after
Heap after GC invocations=12 (full 2):
 PSYoungGen      total 58368K, used 0K [0x00000000e0000000, 0x00000000e4580000, 0x0000000100000000)
  eden space 48128K, 0% used [0x00000000e0000000,0x00000000e0000000,0x00000000e2f00000)
  from space 10240K, 0% used [0x00000000e3980000,0x00000000e3980000,0x00000000e4380000)
  to   space 10752K, 0% used [0x00000000e2f00000,0x00000000e2f00000,0x00000000e3980000)
 ParOldGen       total 99328K, used 16025K [0x00000000a0000000, 0x00000000a6100000, 0x00000000e0000000)
  object space 99328K, 16% used [0x00000000a0000000,0x00000000a0fa6528,0x00000000a6100000)
 Metaspace       used 34613K, capacity 35182K, committed 35416K, reserved 1079296K
  class space    used 4772K, capacity 4967K, committed 4992K, reserved 1048576K
}
Event: 13.783 GC heap before
{Heap before GC invocations=13 (full 2):
 PSYoungGen      total 58368K, used 48128K [0x00000000e0000000, 0x00000000e4580000, 0x0000000100000000)
  eden space 48128K, 100% used [0x00000000e0000000,0x00000000e2f00000,0x00000000e2f00000)
  from space 10240K, 0% used [0x00000000e3980000,0x00000000e3980000,0x00000000e4380000)
  to   space 10752K, 0% used [0x00000000e2f00000,0x00000000e2f00000,0x00000000e3980000)
 ParOldGen       total 99328K, used 16025K [0x00000000a0000000, 0x00000000a6100000, 0x00000000e0000000)
  object space 99328K, 16% used [0x00000000a0000000,0x00000000a0fa6528,0x00000000a6100000)
 Metaspace       used 36685K, capacity 37294K, committed 37464K, reserved 1081344K
  class space    used 5017K, capacity 5201K, committed 5248K, reserved 1048576K
Event: 13.788 GC heap after
Heap after GC invocations=13 (full 2):
 PSYoungGen      total 58880K, used 3426K [0x00000000e0000000, 0x00000000e5180000, 0x0000000100000000)
  eden space 48128K, 0% used [0x00000000e0000000,0x00000000e0000000,0x00000000e2f00000)
  from space 10752K, 31% used [0x00000000e2f00000,0x00000000e3258828,0x00000000e3980000)
  to   space 11264K, 0% used [0x00000000e4680000,0x00000000e4680000,0x00000000e5180000)
 ParOldGen       total 99328K, used 16033K [0x00000000a0000000, 0x00000000a6100000, 0x00000000e0000000)
  object space 99328K, 16% used [0x00000000a0000000,0x00000000a0fa8528,0x00000000a6100000)
 Metaspace       used 36685K, capacity 37294K, committed 37464K, reserved 1081344K
  class space    used 5017K, capacity 5201K, committed 5248K, reserved 1048576K
}
Event: 14.527 GC heap before
{Heap before GC invocations=14 (full 2):
 PSYoungGen      total 58880K, used 32297K [0x00000000e0000000, 0x00000000e5180000, 0x0000000100000000)
  eden space 48128K, 59% used [0x00000000e0000000,0x00000000e1c31fc8,0x00000000e2f00000)
  from space 10752K, 31% used [0x00000000e2f00000,0x00000000e3258828,0x00000000e3980000)
  to   space 11264K, 0% used [0x00000000e4680000,0x00000000e4680000,0x00000000e5180000)
 ParOldGen       total 99328K, used 16033K [0x00000000a0000000, 0x00000000a6100000, 0x00000000e0000000)
  object space 99328K, 16% used [0x00000000a0000000,0x00000000a0fa8528,0x00000000a6100000)
 Metaspace       used 38770K, capacity 39432K, committed 39640K, reserved 1087488K
  class space    used 5283K, capacity 5526K, committed 5632K, reserved 1048576K
Event: 14.543 GC heap after
Heap after GC invocations=14 (full 2):
 PSYoungGen      total 72704K, used 5863K [0x00000000e0000000, 0x00000000e5180000, 0x0000000100000000)
  eden space 61440K, 0% used [0x00000000e0000000,0x00000000e0000000,0x00000000e3c00000)
  from space 11264K, 52% used [0x00000000e4680000,0x00000000e4c39c08,0x00000000e5180000)
  to   space 10752K, 0% used [0x00000000e3c00000,0x00000000e3c00000,0x00000000e4680000)
 ParOldGen       total 99328K, used 16041K [0x00000000a0000000, 0x00000000a6100000, 0x00000000e0000000)
  object space 99328K, 16% used [0x00000000a0000000,0x00000000a0faa528,0x00000000a6100000)
 Metaspace       used 38770K, capacity 39432K, committed 39640K, reserved 1087488K
  class space    used 5283K, capacity 5526K, committed 5632K, reserved 1048576K
}
Event: 14.543 GC heap before
{Heap before GC invocations=15 (full 3):
 PSYoungGen      total 72704K, used 5863K [0x00000000e0000000, 0x00000000e5180000, 0x0000000100000000)
  eden space 61440K, 0% used [0x00000000e0000000,0x00000000e0000000,0x00000000e3c00000)
  from space 11264K, 52% used [0x00000000e4680000,0x00000000e4c39c08,0x00000000e5180000)
  to   space 10752K, 0% used [0x00000000e3c00000,0x00000000e3c00000,0x00000000e4680000)
 ParOldGen       total 99328K, used 16041K [0x00000000a0000000, 0x00000000a6100000, 0x00000000e0000000)
  object space 99328K, 16% used [0x00000000a0000000,0x00000000a0faa528,0x00000000a6100000)
 Metaspace       used 38770K, capacity 39432K, committed 39640K, reserved 1087488K
  class space    used 5283K, capacity 5526K, committed 5632K, reserved 1048576K

