# JRE version: OpenJDK Runtime Environment (8.0_152-b02) (build 1.8.0_152-release-1024-b02)
# Java VM: OpenJDK 64-Bit Server VM (25.152-b02 mixed mode windows-amd64 compressed oops)
Heap:
 PSYoungGen      total 361472K, used 288264K [0x00000000e0000000, 0x00000000faa00000, 0x0000000100000000)
  eden space 334336K, 82% used [0x00000000e0000000,0x00000000f0c195a0,0x00000000f4680000)
  from space 27136K, 50% used [0x00000000f4680000,0x00000000f53e8c68,0x00000000f6100000)
  to   space 26112K, 0% used [0x00000000f9080000,0x00000000f9080000,0x00000000faa00000)
 ParOldGen       total 143360K, used 57065K [0x00000000a0000000, 0x00000000a8c00000, 0x00000000e0000000)
  object space 143360K, 39% used [0x00000000a0000000,0x00000000a37ba4b0,0x00000000a8c00000)
 Metaspace       used 86061K, capacity 89856K, committed 89984K, reserved 1128448K
  class space    used 11054K, capacity 11871K, committed 11904K, reserved 1048576K
GC Heap History (10 events):
Event: 74.519 GC heap before
{Heap before GC invocations=16 (full 3):
 PSYoungGen      total 234496K, used 211456K [0x00000000e0000000, 0x00000000f1700000, 0x0000000100000000)
  eden space 211456K, 100% used [0x00000000e0000000,0x00000000ece80000,0x00000000ece80000)
  from space 23040K, 0% used [0x00000000ee700000,0x00000000ee700000,0x00000000efd80000)
  to   space 25088K, 0% used [0x00000000ece80000,0x00000000ece80000,0x00000000ee700000)
 ParOldGen       total 143360K, used 42728K [0x00000000a0000000, 0x00000000a8c00000, 0x00000000e0000000)
  object space 143360K, 29% used [0x00000000a0000000,0x00000000a29ba138,0x00000000a8c00000)
 Metaspace       used 61930K, capacity 64102K, committed 64384K, reserved 1105920K
  class space    used 8228K, capacity 8776K, committed 8832K, reserved 1048576K
Event: 74.535 GC heap after
Heap after GC invocations=16 (full 3):
 PSYoungGen      total 236544K, used 7251K [0x00000000e0000000, 0x00000000f4200000, 0x0000000100000000)
  eden space 211456K, 0% used [0x00000000e0000000,0x00000000e0000000,0x00000000ece80000)
  from space 25088K, 28% used [0x00000000ece80000,0x00000000ed594fc8,0x00000000ee700000)
  to   space 24576K, 0% used [0x00000000f2a00000,0x00000000f2a00000,0x00000000f4200000)
 ParOldGen       total 143360K, used 42736K [0x00000000a0000000, 0x00000000a8c00000, 0x00000000e0000000)
  object space 143360K, 29% used [0x00000000a0000000,0x00000000a29bc138,0x00000000a8c00000)
 Metaspace       used 61930K, capacity 64102K, committed 64384K, reserved 1105920K
  class space    used 8228K, capacity 8776K, committed 8832K, reserved 1048576K
}
Event: 86.242 GC heap before
{Heap before GC invocations=17 (full 3):
 PSYoungGen      total 236544K, used 218707K [0x00000000e0000000, 0x00000000f4200000, 0x0000000100000000)
  eden space 211456K, 100% used [0x00000000e0000000,0x00000000ece80000,0x00000000ece80000)
  from space 25088K, 28% used [0x00000000ece80000,0x00000000ed594fc8,0x00000000ee700000)
  to   space 24576K, 0% used [0x00000000f2a00000,0x00000000f2a00000,0x00000000f4200000)
 ParOldGen       total 143360K, used 42736K [0x00000000a0000000, 0x00000000a8c00000, 0x00000000e0000000)
  object space 143360K, 29% used [0x00000000a0000000,0x00000000a29bc138,0x00000000a8c00000)
 Metaspace       used 67424K, capacity 69750K, committed 69888K, reserved 1110016K
  class space    used 8817K, capacity 9376K, committed 9472K, reserved 1048576K
Event: 86.267 GC heap after
Heap after GC invocations=17 (full 3):
 PSYoungGen      total 286720K, used 11987K [0x00000000e0000000, 0x00000000f3800000, 0x0000000100000000)
  eden space 272384K, 0% used [0x00000000e0000000,0x00000000e0000000,0x00000000f0a00000)
  from space 14336K, 83% used [0x00000000f2a00000,0x00000000f35b4ce0,0x00000000f3800000)
  to   space 23552K, 0% used [0x00000000f0a00000,0x00000000f0a00000,0x00000000f2100000)
 ParOldGen       total 143360K, used 42752K [0x00000000a0000000, 0x00000000a8c00000, 0x00000000e0000000)
  object space 143360K, 29% used [0x00000000a0000000,0x00000000a29c0138,0x00000000a8c00000)
 Metaspace       used 67424K, capacity 69750K, committed 69888K, reserved 1110016K
  class space    used 8817K, capacity 9376K, committed 9472K, reserved 1048576K
}
Event: 96.985 GC heap before
{Heap before GC invocations=18 (full 3):
 PSYoungGen      total 286720K, used 284371K [0x00000000e0000000, 0x00000000f3800000, 0x0000000100000000)
  eden space 272384K, 100% used [0x00000000e0000000,0x00000000f0a00000,0x00000000f0a00000)
  from space 14336K, 83% used [0x00000000f2a00000,0x00000000f35b4ce0,0x00000000f3800000)
  to   space 23552K, 0% used [0x00000000f0a00000,0x00000000f0a00000,0x00000000f2100000)
 ParOldGen       total 143360K, used 42752K [0x00000000a0000000, 0x00000000a8c00000, 0x00000000e0000000)
  object space 143360K, 29% used [0x00000000a0000000,0x00000000a29c0138,0x00000000a8c00000)
 Metaspace       used 83229K, capacity 86534K, committed 86784K, reserved 1124352K
  class space    used 10719K, capacity 11452K, committed 11520K, reserved 1048576K
Event: 97.033 GC heap after
Heap after GC invocations=18 (full 3):
 PSYoungGen      total 295936K, used 23536K [0x00000000e0000000, 0x00000000f8600000, 0x0000000100000000)
  eden space 272384K, 0% used [0x00000000e0000000,0x00000000e0000000,0x00000000f0a00000)
  from space 23552K, 99% used [0x00000000f0a00000,0x00000000f20fc2c8,0x00000000f2100000)
  to   space 28672K, 0% used [0x00000000f6a00000,0x00000000f6a00000,0x00000000f8600000)
 ParOldGen       total 143360K, used 48014K [0x00000000a0000000, 0x00000000a8c00000, 0x00000000e0000000)
  object space 143360K, 33% used [0x00000000a0000000,0x00000000a2ee38f0,0x00000000a8c00000)
 Metaspace       used 83229K, capacity 86534K, committed 86784K, reserved 1124352K
  class space    used 10719K, capacity 11452K, committed 11520K, reserved 1048576K
}
Event: 103.068 GC heap before
{Heap before GC invocations=19 (full 3):
 PSYoungGen      total 295936K, used 295920K [0x00000000e0000000, 0x00000000f8600000, 0x0000000100000000)
  eden space 272384K, 100% used [0x00000000e0000000,0x00000000f0a00000,0x00000000f0a00000)
  from space 23552K, 99% used [0x00000000f0a00000,0x00000000f20fc2c8,0x00000000f2100000)
  to   space 28672K, 0% used [0x00000000f6a00000,0x00000000f6a00000,0x00000000f8600000)
 ParOldGen       total 143360K, used 48014K [0x00000000a0000000, 0x00000000a8c00000, 0x00000000e0000000)
  object space 143360K, 33% used [0x00000000a0000000,0x00000000a2ee38f0,0x00000000a8c00000)
 Metaspace       used 84717K, capacity 88260K, committed 88448K, reserved 1126400K
  class space    used 10877K, capacity 11627K, committed 11648K, reserved 1048576K
Event: 103.100 GC heap after
Heap after GC invocations=19 (full 3):
 PSYoungGen      total 352256K, used 12216K [0x00000000e0000000, 0x00000000f7b80000, 0x0000000100000000)
  eden space 334336K, 0% used [0x00000000e0000000,0x00000000e0000000,0x00000000f4680000)
  from space 17920K, 68% used [0x00000000f6a00000,0x00000000f75ee068,0x00000000f7b80000)
  to   space 27136K, 0% used [0x00000000f4680000,0x00000000f4680000,0x00000000f6100000)
 ParOldGen       total 143360K, used 57057K [0x00000000a0000000, 0x00000000a8c00000, 0x00000000e0000000)
  object space 143360K, 39% used [0x00000000a0000000,0x00000000a37b84b0,0x00000000a8c00000)
 Metaspace       used 84717K, capacity 88260K, committed 88448K, reserved 1126400K
  class space    used 10877K, capacity 11627K, committed 11648K, reserved 1048576K
}
Event: 104.907 GC heap before
{Heap before GC invocations=20 (full 3):
 PSYoungGen      total 352256K, used 346307K [0x00000000e0000000, 0x00000000f7b80000, 0x0000000100000000)
  eden space 334336K, 99% used [0x00000000e0000000,0x00000000f4642c60,0x00000000f4680000)
  from space 17920K, 68% used [0x00000000f6a00000,0x00000000f75ee068,0x00000000f7b80000)
  to   space 27136K, 0% used [0x00000000f4680000,0x00000000f4680000,0x00000000f6100000)
 ParOldGen       total 143360K, used 57057K [0x00000000a0000000, 0x00000000a8c00000, 0x00000000e0000000)
  object space 143360K, 39% used [0x00000000a0000000,0x00000000a37b84b0,0x00000000a8c00000)
 Metaspace       used 85566K, capacity 89302K, committed 89472K, reserved 1126400K
  class space    used 11008K, capacity 11816K, committed 11904K, reserved 1048576K
Event: 104.931 GC heap after
Heap after GC invocations=20 (full 3):
 PSYoungGen      total 361472K, used 13731K [0x00000000e0000000, 0x00000000faa00000, 0x0000000100000000)
  eden space 334336K, 0% used [0x00000000e0000000,0x00000000e0000000,0x00000000f4680000)
  from space 27136K, 50% used [0x00000000f4680000,0x00000000f53e8c68,0x00000000f6100000)
  to   space 26112K, 0% used [0x00000000f9080000,0x00000000f9080000,0x00000000faa00000)
 ParOldGen       total 143360K, used 57065K [0x00000000a0000000, 0x00000000a8c00000, 0x00000000e0000000)
  object space 143360K, 39% used [0x00000000a0000000,0x00000000a37ba4b0,0x00000000a8c00000)
 Metaspace       used 85566K, capacity 89302K, committed 89472K, reserved 1126400K
  class space    used 11008K, capacity 11816K, committed 11904K, reserved 1048576K
}

