# JRE version: OpenJDK Runtime Environment (8.0_152-b02) (build 1.8.0_152-release-1024-b02)
# Java VM: OpenJDK 64-Bit Server VM (25.152-b02 mixed mode windows-amd64 compressed oops)
Heap:
 PSYoungGen      total 231424K, used 7695K [0x00000000e0000000, 0x00000000eff80000, 0x0000000100000000)
  eden space 223232K, 0% used [0x00000000e0000000,0x00000000e0000000,0x00000000eda00000)
  from space 8192K, 93% used [0x00000000eea80000,0x00000000ef203e58,0x00000000ef280000)
  to   space 13312K, 0% used [0x00000000ef280000,0x00000000ef280000,0x00000000eff80000)
 ParOldGen       total 113664K, used 53225K [0x00000000a0000000, 0x00000000a6f00000, 0x00000000e0000000)
  object space 113664K, 46% used [0x00000000a0000000,0x00000000a33fa410,0x00000000a6f00000)
 Metaspace       used 80882K, capacity 85020K, committed 85120K, reserved 1128448K
  class space    used 10282K, capacity 11038K, committed 11136K, reserved 1048576K
GC Heap History (10 events):
Event: 308.296 GC heap after
Heap after GC invocations=18 (full 3):
 PSYoungGen      total 229376K, used 9985K [0x00000000e0000000, 0x00000000f1300000, 0x0000000100000000)
  eden space 214016K, 0% used [0x00000000e0000000,0x00000000e0000000,0x00000000ed100000)
  from space 15360K, 65% used [0x00000000ed100000,0x00000000edac0720,0x00000000ee000000)
  to   space 15360K, 0% used [0x00000000f0400000,0x00000000f0400000,0x00000000f1300000)
 ParOldGen       total 113664K, used 53193K [0x00000000a0000000, 0x00000000a6f00000, 0x00000000e0000000)
  object space 113664K, 46% used [0x00000000a0000000,0x00000000a33f2410,0x00000000a6f00000)
 Metaspace       used 77604K, capacity 80700K, committed 80896K, reserved 1120256K
  class space    used 10115K, capacity 10745K, committed 10752K, reserved 1048576K
}
Event: 638.916 GC heap before
{Heap before GC invocations=19 (full 3):
 PSYoungGen      total 229376K, used 224001K [0x00000000e0000000, 0x00000000f1300000, 0x0000000100000000)
  eden space 214016K, 100% used [0x00000000e0000000,0x00000000ed100000,0x00000000ed100000)
  from space 15360K, 65% used [0x00000000ed100000,0x00000000edac0720,0x00000000ee000000)
  to   space 15360K, 0% used [0x00000000f0400000,0x00000000f0400000,0x00000000f1300000)
 ParOldGen       total 113664K, used 53193K [0x00000000a0000000, 0x00000000a6f00000, 0x00000000e0000000)
  object space 113664K, 46% used [0x00000000a0000000,0x00000000a33f2410,0x00000000a6f00000)
 Metaspace       used 78944K, capacity 82290K, committed 82560K, reserved 1120256K
  class space    used 10167K, capacity 10836K, committed 10880K, reserved 1048576K
Event: 638.931 GC heap after
Heap after GC invocations=19 (full 3):
 PSYoungGen      total 265728K, used 3648K [0x00000000e0000000, 0x00000000f1780000, 0x0000000100000000)
  eden space 250368K, 0% used [0x00000000e0000000,0x00000000e0000000,0x00000000ef480000)
  from space 15360K, 23% used [0x00000000f0400000,0x00000000f0790338,0x00000000f1300000)
  to   space 15872K, 0% used [0x00000000ef480000,0x00000000ef480000,0x00000000f0400000)
 ParOldGen       total 113664K, used 53201K [0x00000000a0000000, 0x00000000a6f00000, 0x00000000e0000000)
  object space 113664K, 46% used [0x00000000a0000000,0x00000000a33f4410,0x00000000a6f00000)
 Metaspace       used 78944K, capacity 82290K, committed 82560K, reserved 1120256K
  class space    used 10167K, capacity 10836K, committed 10880K, reserved 1048576K
}
Event: 2265.887 GC heap before
{Heap before GC invocations=20 (full 3):
 PSYoungGen      total 265728K, used 254016K [0x00000000e0000000, 0x00000000f1780000, 0x0000000100000000)
  eden space 250368K, 100% used [0x00000000e0000000,0x00000000ef480000,0x00000000ef480000)
  from space 15360K, 23% used [0x00000000f0400000,0x00000000f0790338,0x00000000f1300000)
  to   space 15872K, 0% used [0x00000000ef480000,0x00000000ef480000,0x00000000f0400000)
 ParOldGen       total 113664K, used 53201K [0x00000000a0000000, 0x00000000a6f00000, 0x00000000e0000000)
  object space 113664K, 46% used [0x00000000a0000000,0x00000000a33f4410,0x00000000a6f00000)
 Metaspace       used 80306K, capacity 84354K, committed 84608K, reserved 1122304K
  class space    used 10278K, capacity 11036K, committed 11136K, reserved 1048576K
Event: 2265.909 GC heap after
Heap after GC invocations=20 (full 3):
 PSYoungGen      total 251904K, used 10368K [0x00000000e0000000, 0x00000000f0a80000, 0x0000000100000000)
  eden space 241152K, 0% used [0x00000000e0000000,0x00000000e0000000,0x00000000eeb80000)
  from space 10752K, 96% used [0x00000000ef480000,0x00000000efea01e8,0x00000000eff00000)
  to   space 11776K, 0% used [0x00000000eff00000,0x00000000eff00000,0x00000000f0a80000)
 ParOldGen       total 113664K, used 53209K [0x00000000a0000000, 0x00000000a6f00000, 0x00000000e0000000)
  object space 113664K, 46% used [0x00000000a0000000,0x00000000a33f6410,0x00000000a6f00000)
 Metaspace       used 80306K, capacity 84354K, committed 84608K, reserved 1122304K
  class space    used 10278K, capacity 11036K, committed 11136K, reserved 1048576K
}
Event: 2682.752 GC heap before
{Heap before GC invocations=21 (full 3):
 PSYoungGen      total 251904K, used 251520K [0x00000000e0000000, 0x00000000f0a80000, 0x0000000100000000)
  eden space 241152K, 100% used [0x00000000e0000000,0x00000000eeb80000,0x00000000eeb80000)
  from space 10752K, 96% used [0x00000000ef480000,0x00000000efea01e8,0x00000000eff00000)
  to   space 11776K, 0% used [0x00000000eff00000,0x00000000eff00000,0x00000000f0a80000)
 ParOldGen       total 113664K, used 53209K [0x00000000a0000000, 0x00000000a6f00000, 0x00000000e0000000)
  object space 113664K, 46% used [0x00000000a0000000,0x00000000a33f6410,0x00000000a6f00000)
 Metaspace       used 80818K, capacity 84942K, committed 85120K, reserved 1124352K
  class space    used 10280K, capacity 11036K, committed 11136K, reserved 1048576K
Event: 2682.770 GC heap after
Heap after GC invocations=21 (full 3):
 PSYoungGen      total 241664K, used 9525K [0x00000000e0000000, 0x00000000f0880000, 0x0000000100000000)
  eden space 231936K, 0% used [0x00000000e0000000,0x00000000e0000000,0x00000000ee280000)
  from space 9728K, 97% used [0x00000000eff00000,0x00000000f084d568,0x00000000f0880000)
  to   space 15360K, 0% used [0x00000000eea80000,0x00000000eea80000,0x00000000ef980000)
 ParOldGen       total 113664K, used 53217K [0x00000000a0000000, 0x00000000a6f00000, 0x00000000e0000000)
  object space 113664K, 46% used [0x00000000a0000000,0x00000000a33f8410,0x00000000a6f00000)
 Metaspace       used 80818K, capacity 84942K, committed 85120K, reserved 1124352K
  class space    used 10280K, capacity 11036K, committed 11136K, reserved 1048576K
}
Event: 2684.192 GC heap before
{Heap before GC invocations=22 (full 3):
 PSYoungGen      total 241664K, used 47696K [0x00000000e0000000, 0x00000000f0880000, 0x0000000100000000)
  eden space 231936K, 16% used [0x00000000e0000000,0x00000000e2546d48,0x00000000ee280000)
  from space 9728K, 97% used [0x00000000eff00000,0x00000000f084d568,0x00000000f0880000)
  to   space 15360K, 0% used [0x00000000eea80000,0x00000000eea80000,0x00000000ef980000)
 ParOldGen       total 113664K, used 53217K [0x00000000a0000000, 0x00000000a6f00000, 0x00000000e0000000)
  object space 113664K, 46% used [0x00000000a0000000,0x00000000a33f8410,0x00000000a6f00000)
 Metaspace       used 80882K, capacity 85020K, committed 85120K, reserved 1128448K
  class space    used 10282K, capacity 11038K, committed 11136K, reserved 1048576K
Event: 2684.211 GC heap after
Heap after GC invocations=22 (full 3):
 PSYoungGen      total 231424K, used 7695K [0x00000000e0000000, 0x00000000eff80000, 0x0000000100000000)
  eden space 223232K, 0% used [0x00000000e0000000,0x00000000e0000000,0x00000000eda00000)
  from space 8192K, 93% used [0x00000000eea80000,0x00000000ef203e58,0x00000000ef280000)
  to   space 13312K, 0% used [0x00000000ef280000,0x00000000ef280000,0x00000000eff80000)
 ParOldGen       total 113664K, used 53225K [0x00000000a0000000, 0x00000000a6f00000, 0x00000000e0000000)
  object space 113664K, 46% used [0x00000000a0000000,0x00000000a33fa410,0x00000000a6f00000)
 Metaspace       used 80882K, capacity 85020K, committed 85120K, reserved 1128448K
  class space    used 10282K, capacity 11038K, committed 11136K, reserved 1048576K
}
Event: 2684.211 GC heap before
{Heap before GC invocations=23 (full 4):
 PSYoungGen      total 231424K, used 7695K [0x00000000e0000000, 0x00000000eff80000, 0x0000000100000000)
  eden space 223232K, 0% used [0x00000000e0000000,0x00000000e0000000,0x00000000eda00000)
  from space 8192K, 93% used [0x00000000eea80000,0x00000000ef203e58,0x00000000ef280000)
  to   space 13312K, 0% used [0x00000000ef280000,0x00000000ef280000,0x00000000eff80000)
 ParOldGen       total 113664K, used 53225K [0x00000000a0000000, 0x00000000a6f00000, 0x00000000e0000000)
  object space 113664K, 46% used [0x00000000a0000000,0x00000000a33fa410,0x00000000a6f00000)
 Metaspace       used 80882K, capacity 85020K, committed 85120K, reserved 1128448K
  class space    used 10282K, capacity 11038K, committed 11136K, reserved 1048576K

