# JRE version: OpenJDK Runtime Environment (8.0_152-b02) (build 1.8.0_152-release-1024-b02)
# Java VM: OpenJDK 64-Bit Server VM (25.152-b02 mixed mode windows-amd64 compressed oops)
Heap:
 PSYoungGen      total 206336K, used 105444K [0x00000000e0000000, 0x00000000ee580000, 0x0000000100000000)
  eden space 189440K, 55% used [0x00000000e0000000,0x00000000e66f91b8,0x00000000eb900000)
  from space 16896K, 0% used [0x00000000ecd80000,0x00000000ecd80000,0x00000000ede00000)
  to   space 20992K, 0% used [0x00000000eb900000,0x00000000eb900000,0x00000000ecd80000)
 ParOldGen       total 144384K, used 35230K [0x00000000a0000000, 0x00000000a8d00000, 0x00000000e0000000)
  object space 144384K, 24% used [0x00000000a0000000,0x00000000a22678d0,0x00000000a8d00000)
 Metaspace       used 66604K, capacity 68612K, committed 68864K, reserved 1107968K
  class space    used 8957K, capacity 9434K, committed 9472K, reserved 1048576K
GC Heap History (10 events):
Event: 6.810 GC heap before
{Heap before GC invocations=9 (full 2):
 PSYoungGen      total 138752K, used 9718K [0x00000000e0000000, 0x00000000eb480000, 0x0000000100000000)
  eden space 129024K, 0% used [0x00000000e0000000,0x00000000e0000000,0x00000000e7e00000)
  from space 9728K, 99% used [0x00000000e7e00000,0x00000000e877dbc8,0x00000000e8780000)
  to   space 12800K, 0% used [0x00000000ea800000,0x00000000ea800000,0x00000000eb480000)
 ParOldGen       total 58880K, used 11270K [0x00000000a0000000, 0x00000000a3980000, 0x00000000e0000000)
  object space 58880K, 19% used [0x00000000a0000000,0x00000000a0b01a20,0x00000000a3980000)
 Metaspace       used 34722K, capacity 35278K, committed 35416K, reserved 1079296K
  class space    used 4784K, capacity 4999K, committed 5120K, reserved 1048576K
Event: 6.916 GC heap after
Heap after GC invocations=9 (full 2):
 PSYoungGen      total 138752K, used 0K [0x00000000e0000000, 0x00000000eb480000, 0x0000000100000000)
  eden space 129024K, 0% used [0x00000000e0000000,0x00000000e0000000,0x00000000e7e00000)
  from space 9728K, 0% used [0x00000000e7e00000,0x00000000e7e00000,0x00000000e8780000)
  to   space 12800K, 0% used [0x00000000ea800000,0x00000000ea800000,0x00000000eb480000)
 ParOldGen       total 97792K, used 19230K [0x00000000a0000000, 0x00000000a5f80000, 0x00000000e0000000)
  object space 97792K, 19% used [0x00000000a0000000,0x00000000a12c7a98,0x00000000a5f80000)
 Metaspace       used 34722K, capacity 35278K, committed 35416K, reserved 1079296K
  class space    used 4784K, capacity 4999K, committed 5120K, reserved 1048576K
}
Event: 9.215 GC heap before
{Heap before GC invocations=10 (full 2):
 PSYoungGen      total 138752K, used 129024K [0x00000000e0000000, 0x00000000eb480000, 0x0000000100000000)
  eden space 129024K, 100% used [0x00000000e0000000,0x00000000e7e00000,0x00000000e7e00000)
  from space 9728K, 0% used [0x00000000e7e00000,0x00000000e7e00000,0x00000000e8780000)
  to   space 12800K, 0% used [0x00000000ea800000,0x00000000ea800000,0x00000000eb480000)
 ParOldGen       total 97792K, used 19230K [0x00000000a0000000, 0x00000000a5f80000, 0x00000000e0000000)
  object space 97792K, 19% used [0x00000000a0000000,0x00000000a12c7a98,0x00000000a5f80000)
 Metaspace       used 41132K, capacity 42024K, committed 42368K, reserved 1085440K
  class space    used 5625K, capacity 5901K, committed 6016K, reserved 1048576K
Event: 9.229 GC heap after
Heap after GC invocations=10 (full 2):
 PSYoungGen      total 171008K, used 12067K [0x00000000e0000000, 0x00000000ec780000, 0x0000000100000000)
  eden space 158208K, 0% used [0x00000000e0000000,0x00000000e0000000,0x00000000e9a80000)
  from space 12800K, 94% used [0x00000000ea800000,0x00000000eb3c8c60,0x00000000eb480000)
  to   space 13824K, 0% used [0x00000000e9a80000,0x00000000e9a80000,0x00000000ea800000)
 ParOldGen       total 97792K, used 19238K [0x00000000a0000000, 0x00000000a5f80000, 0x00000000e0000000)
  object space 97792K, 19% used [0x00000000a0000000,0x00000000a12c9a98,0x00000000a5f80000)
 Metaspace       used 41132K, capacity 42024K, committed 42368K, reserved 1085440K
  class space    used 5625K, capacity 5901K, committed 6016K, reserved 1048576K
}
Event: 12.684 GC heap before
{Heap before GC invocations=11 (full 2):
 PSYoungGen      total 171008K, used 170275K [0x00000000e0000000, 0x00000000ec780000, 0x0000000100000000)
  eden space 158208K, 100% used [0x00000000e0000000,0x00000000e9a80000,0x00000000e9a80000)
  from space 12800K, 94% used [0x00000000ea800000,0x00000000eb3c8c60,0x00000000eb480000)
  to   space 13824K, 0% used [0x00000000e9a80000,0x00000000e9a80000,0x00000000ea800000)
 ParOldGen       total 97792K, used 19238K [0x00000000a0000000, 0x00000000a5f80000, 0x00000000e0000000)
  object space 97792K, 19% used [0x00000000a0000000,0x00000000a12c9a98,0x00000000a5f80000)
 Metaspace       used 50044K, capacity 51482K, committed 51584K, reserved 1093632K
  class space    used 6838K, capacity 7194K, committed 7296K, reserved 1048576K
Event: 12.730 GC heap after
Heap after GC invocations=11 (full 2):
 PSYoungGen      total 172032K, used 13807K [0x00000000e0000000, 0x00000000ede00000, 0x0000000100000000)
  eden space 158208K, 0% used [0x00000000e0000000,0x00000000e0000000,0x00000000e9a80000)
  from space 13824K, 99% used [0x00000000e9a80000,0x00000000ea7fbd48,0x00000000ea800000)
  to   space 16896K, 0% used [0x00000000ecd80000,0x00000000ecd80000,0x00000000ede00000)
 ParOldGen       total 97792K, used 21681K [0x00000000a0000000, 0x00000000a5f80000, 0x00000000e0000000)
  object space 97792K, 22% used [0x00000000a0000000,0x00000000a152c508,0x00000000a5f80000)
 Metaspace       used 50044K, capacity 51482K, committed 51584K, reserved 1093632K
  class space    used 6838K, capacity 7194K, committed 7296K, reserved 1048576K
}
Event: 15.420 GC heap before
{Heap before GC invocations=12 (full 2):
 PSYoungGen      total 172032K, used 116825K [0x00000000e0000000, 0x00000000ede00000, 0x0000000100000000)
  eden space 158208K, 65% used [0x00000000e0000000,0x00000000e649aa98,0x00000000e9a80000)
  from space 13824K, 99% used [0x00000000e9a80000,0x00000000ea7fbd48,0x00000000ea800000)
  to   space 16896K, 0% used [0x00000000ecd80000,0x00000000ecd80000,0x00000000ede00000)
 ParOldGen       total 97792K, used 21681K [0x00000000a0000000, 0x00000000a5f80000, 0x00000000e0000000)
  object space 97792K, 22% used [0x00000000a0000000,0x00000000a152c508,0x00000000a5f80000)
 Metaspace       used 57241K, capacity 58866K, committed 59008K, reserved 1099776K
  class space    used 7855K, capacity 8240K, committed 8320K, reserved 1048576K
Event: 15.452 GC heap after
Heap after GC invocations=12 (full 2):
 PSYoungGen      total 206336K, used 16878K [0x00000000e0000000, 0x00000000ee580000, 0x0000000100000000)
  eden space 189440K, 0% used [0x00000000e0000000,0x00000000e0000000,0x00000000eb900000)
  from space 16896K, 99% used [0x00000000ecd80000,0x00000000eddfba10,0x00000000ede00000)
  to   space 20992K, 0% used [0x00000000eb900000,0x00000000eb900000,0x00000000ecd80000)
 ParOldGen       total 97792K, used 27210K [0x00000000a0000000, 0x00000000a5f80000, 0x00000000e0000000)
  object space 97792K, 27% used [0x00000000a0000000,0x00000000a1a92848,0x00000000a5f80000)
 Metaspace       used 57241K, capacity 58866K, committed 59008K, reserved 1099776K
  class space    used 7855K, capacity 8240K, committed 8320K, reserved 1048576K
}
Event: 15.452 GC heap before
{Heap before GC invocations=13 (full 3):
 PSYoungGen      total 206336K, used 16878K [0x00000000e0000000, 0x00000000ee580000, 0x0000000100000000)
  eden space 189440K, 0% used [0x00000000e0000000,0x00000000e0000000,0x00000000eb900000)
  from space 16896K, 99% used [0x00000000ecd80000,0x00000000eddfba10,0x00000000ede00000)
  to   space 20992K, 0% used [0x00000000eb900000,0x00000000eb900000,0x00000000ecd80000)
 ParOldGen       total 97792K, used 27210K [0x00000000a0000000, 0x00000000a5f80000, 0x00000000e0000000)
  object space 97792K, 27% used [0x00000000a0000000,0x00000000a1a92848,0x00000000a5f80000)
 Metaspace       used 57241K, capacity 58866K, committed 59008K, reserved 1099776K
  class space    used 7855K, capacity 8240K, committed 8320K, reserved 1048576K
Event: 15.689 GC heap after
Heap after GC invocations=13 (full 3):
 PSYoungGen      total 206336K, used 0K [0x00000000e0000000, 0x00000000ee580000, 0x0000000100000000)
  eden space 189440K, 0% used [0x00000000e0000000,0x00000000e0000000,0x00000000eb900000)
  from space 16896K, 0% used [0x00000000ecd80000,0x00000000ecd80000,0x00000000ede00000)
  to   space 20992K, 0% used [0x00000000eb900000,0x00000000eb900000,0x00000000ecd80000)
 ParOldGen       total 144384K, used 35230K [0x00000000a0000000, 0x00000000a8d00000, 0x00000000e0000000)
  object space 144384K, 24% used [0x00000000a0000000,0x00000000a22678d0,0x00000000a8d00000)
 Metaspace       used 57241K, capacity 58866K, committed 59008K, reserved 1099776K
  class space    used 7855K, capacity 8240K, committed 8320K, reserved 1048576K
}

