# JRE version: OpenJDK Runtime Environment (8.0_152-b02) (build 1.8.0_152-release-1024-b02)
# Java VM: OpenJDK 64-Bit Server VM (25.152-b02 mixed mode windows-amd64 compressed oops)
Heap:
 PSYoungGen      total 206848K, used 67997K [0x00000000e0000000, 0x00000000ee580000, 0x0000000100000000)
  eden space 189952K, 35% used [0x00000000e0000000,0x00000000e4267520,0x00000000eb980000)
  from space 16896K, 0% used [0x00000000ece80000,0x00000000ece80000,0x00000000edf00000)
  to   space 21504K, 0% used [0x00000000eb980000,0x00000000eb980000,0x00000000ece80000)
 ParOldGen       total 145920K, used 36629K [0x00000000a0000000, 0x00000000a8e80000, 0x00000000e0000000)
  object space 145920K, 25% used [0x00000000a0000000,0x00000000a23c5418,0x00000000a8e80000)
 Metaspace       used 64193K, capacity 66532K, committed 66560K, reserved 1105920K
  class space    used 8692K, capacity 9197K, committed 9216K, reserved 1048576K
GC Heap History (10 events):
Event: 6.978 GC heap before
{Heap before GC invocations=9 (full 2):
 PSYoungGen      total 138752K, used 9711K [0x00000000e0000000, 0x00000000eb580000, 0x0000000100000000)
  eden space 129024K, 0% used [0x00000000e0000000,0x00000000e0000000,0x00000000e7e00000)
  from space 9728K, 99% used [0x00000000e7e00000,0x00000000e877bd68,0x00000000e8780000)
  to   space 12800K, 0% used [0x00000000ea900000,0x00000000ea900000,0x00000000eb580000)
 ParOldGen       total 58880K, used 11236K [0x00000000a0000000, 0x00000000a3980000, 0x00000000e0000000)
  object space 58880K, 19% used [0x00000000a0000000,0x00000000a0af9028,0x00000000a3980000)
 Metaspace       used 34699K, capacity 35278K, committed 35416K, reserved 1079296K
  class space    used 4783K, capacity 4999K, committed 5120K, reserved 1048576K
Event: 7.087 GC heap after
Heap after GC invocations=9 (full 2):
 PSYoungGen      total 138752K, used 0K [0x00000000e0000000, 0x00000000eb580000, 0x0000000100000000)
  eden space 129024K, 0% used [0x00000000e0000000,0x00000000e0000000,0x00000000e7e00000)
  from space 9728K, 0% used [0x00000000e7e00000,0x00000000e7e00000,0x00000000e8780000)
  to   space 12800K, 0% used [0x00000000ea900000,0x00000000ea900000,0x00000000eb580000)
 ParOldGen       total 96768K, used 19189K [0x00000000a0000000, 0x00000000a5e80000, 0x00000000e0000000)
  object space 96768K, 19% used [0x00000000a0000000,0x00000000a12bd470,0x00000000a5e80000)
 Metaspace       used 34699K, capacity 35278K, committed 35416K, reserved 1079296K
  class space    used 4783K, capacity 4999K, committed 5120K, reserved 1048576K
}
Event: 9.447 GC heap before
{Heap before GC invocations=10 (full 2):
 PSYoungGen      total 138752K, used 129024K [0x00000000e0000000, 0x00000000eb580000, 0x0000000100000000)
  eden space 129024K, 100% used [0x00000000e0000000,0x00000000e7e00000,0x00000000e7e00000)
  from space 9728K, 0% used [0x00000000e7e00000,0x00000000e7e00000,0x00000000e8780000)
  to   space 12800K, 0% used [0x00000000ea900000,0x00000000ea900000,0x00000000eb580000)
 ParOldGen       total 96768K, used 19189K [0x00000000a0000000, 0x00000000a5e80000, 0x00000000e0000000)
  object space 96768K, 19% used [0x00000000a0000000,0x00000000a12bd470,0x00000000a5e80000)
 Metaspace       used 41127K, capacity 42024K, committed 42368K, reserved 1085440K
  class space    used 5625K, capacity 5901K, committed 6016K, reserved 1048576K
Event: 9.462 GC heap after
Heap after GC invocations=10 (full 2):
 PSYoungGen      total 172032K, used 12140K [0x00000000e0000000, 0x00000000ec980000, 0x0000000100000000)
  eden space 159232K, 0% used [0x00000000e0000000,0x00000000e0000000,0x00000000e9b80000)
  from space 12800K, 94% used [0x00000000ea900000,0x00000000eb4db198,0x00000000eb580000)
  to   space 13824K, 0% used [0x00000000e9b80000,0x00000000e9b80000,0x00000000ea900000)
 ParOldGen       total 96768K, used 19197K [0x00000000a0000000, 0x00000000a5e80000, 0x00000000e0000000)
  object space 96768K, 19% used [0x00000000a0000000,0x00000000a12bf470,0x00000000a5e80000)
 Metaspace       used 41127K, capacity 42024K, committed 42368K, reserved 1085440K
  class space    used 5625K, capacity 5901K, committed 6016K, reserved 1048576K
}
Event: 12.921 GC heap before
{Heap before GC invocations=11 (full 2):
 PSYoungGen      total 172032K, used 171372K [0x00000000e0000000, 0x00000000ec980000, 0x0000000100000000)
  eden space 159232K, 100% used [0x00000000e0000000,0x00000000e9b80000,0x00000000e9b80000)
  from space 12800K, 94% used [0x00000000ea900000,0x00000000eb4db198,0x00000000eb580000)
  to   space 13824K, 0% used [0x00000000e9b80000,0x00000000e9b80000,0x00000000ea900000)
 ParOldGen       total 96768K, used 19197K [0x00000000a0000000, 0x00000000a5e80000, 0x00000000e0000000)
  object space 96768K, 19% used [0x00000000a0000000,0x00000000a12bf470,0x00000000a5e80000)
 Metaspace       used 50081K, capacity 51558K, committed 51840K, reserved 1093632K
  class space    used 6848K, capacity 7196K, committed 7296K, reserved 1048576K
Event: 12.956 GC heap after
Heap after GC invocations=11 (full 2):
 PSYoungGen      total 173056K, used 13813K [0x00000000e0000000, 0x00000000edf00000, 0x0000000100000000)
  eden space 159232K, 0% used [0x00000000e0000000,0x00000000e0000000,0x00000000e9b80000)
  from space 13824K, 99% used [0x00000000e9b80000,0x00000000ea8fd420,0x00000000ea900000)
  to   space 16896K, 0% used [0x00000000ece80000,0x00000000ece80000,0x00000000edf00000)
 ParOldGen       total 96768K, used 21689K [0x00000000a0000000, 0x00000000a5e80000, 0x00000000e0000000)
  object space 96768K, 22% used [0x00000000a0000000,0x00000000a152e630,0x00000000a5e80000)
 Metaspace       used 50081K, capacity 51558K, committed 51840K, reserved 1093632K
  class space    used 6848K, capacity 7196K, committed 7296K, reserved 1048576K
}
Event: 16.740 GC heap before
{Heap before GC invocations=12 (full 2):
 PSYoungGen      total 173056K, used 140997K [0x00000000e0000000, 0x00000000edf00000, 0x0000000100000000)
  eden space 159232K, 79% used [0x00000000e0000000,0x00000000e7c34268,0x00000000e9b80000)
  from space 13824K, 99% used [0x00000000e9b80000,0x00000000ea8fd420,0x00000000ea900000)
  to   space 16896K, 0% used [0x00000000ece80000,0x00000000ece80000,0x00000000edf00000)
 ParOldGen       total 96768K, used 21689K [0x00000000a0000000, 0x00000000a5e80000, 0x00000000e0000000)
  object space 96768K, 22% used [0x00000000a0000000,0x00000000a152e630,0x00000000a5e80000)
 Metaspace       used 57126K, capacity 58972K, committed 59028K, reserved 1099776K
  class space    used 7767K, capacity 8186K, committed 8192K, reserved 1048576K
Event: 16.771 GC heap after
Heap after GC invocations=12 (full 2):
 PSYoungGen      total 206848K, used 16879K [0x00000000e0000000, 0x00000000ee580000, 0x0000000100000000)
  eden space 189952K, 0% used [0x00000000e0000000,0x00000000e0000000,0x00000000eb980000)
  from space 16896K, 99% used [0x00000000ece80000,0x00000000edefbc08,0x00000000edf00000)
  to   space 21504K, 0% used [0x00000000eb980000,0x00000000eb980000,0x00000000ece80000)
 ParOldGen       total 96768K, used 28711K [0x00000000a0000000, 0x00000000a5e80000, 0x00000000e0000000)
  object space 96768K, 29% used [0x00000000a0000000,0x00000000a1c09ec8,0x00000000a5e80000)
 Metaspace       used 57126K, capacity 58972K, committed 59028K, reserved 1099776K
  class space    used 7767K, capacity 8186K, committed 8192K, reserved 1048576K
}
Event: 16.771 GC heap before
{Heap before GC invocations=13 (full 3):
 PSYoungGen      total 206848K, used 16879K [0x00000000e0000000, 0x00000000ee580000, 0x0000000100000000)
  eden space 189952K, 0% used [0x00000000e0000000,0x00000000e0000000,0x00000000eb980000)
  from space 16896K, 99% used [0x00000000ece80000,0x00000000edefbc08,0x00000000edf00000)
  to   space 21504K, 0% used [0x00000000eb980000,0x00000000eb980000,0x00000000ece80000)
 ParOldGen       total 96768K, used 28711K [0x00000000a0000000, 0x00000000a5e80000, 0x00000000e0000000)
  object space 96768K, 29% used [0x00000000a0000000,0x00000000a1c09ec8,0x00000000a5e80000)
 Metaspace       used 57126K, capacity 58972K, committed 59028K, reserved 1099776K
  class space    used 7767K, capacity 8186K, committed 8192K, reserved 1048576K
Event: 17.026 GC heap after
Heap after GC invocations=13 (full 3):
 PSYoungGen      total 206848K, used 0K [0x00000000e0000000, 0x00000000ee580000, 0x0000000100000000)
  eden space 189952K, 0% used [0x00000000e0000000,0x00000000e0000000,0x00000000eb980000)
  from space 16896K, 0% used [0x00000000ece80000,0x00000000ece80000,0x00000000edf00000)
  to   space 21504K, 0% used [0x00000000eb980000,0x00000000eb980000,0x00000000ece80000)
 ParOldGen       total 145920K, used 36629K [0x00000000a0000000, 0x00000000a8e80000, 0x00000000e0000000)
  object space 145920K, 25% used [0x00000000a0000000,0x00000000a23c5418,0x00000000a8e80000)
 Metaspace       used 57084K, capacity 58874K, committed 59028K, reserved 1099776K
  class space    used 7755K, capacity 8166K, committed 8192K, reserved 1048576K
}

